<?xml version="1.0" encoding="UTF-8"?>
<!-- Generated by org.testng.reporters.JUnitReportReporter -->
<testsuite hostname="LAPTOP-70GDKKOU" name="com.test.testcases.LoginAction" tests="1" failures="0" timestamp="17 Oct 2021 11:02:01 GMT" time="0.249" errors="0">
  <testcase name="test" time="0.249" classname="com.test.testcases.LoginAction"/>
</testsuite> <!-- com.test.testcases.LoginAction -->
